<?xml version="1.0" encoding="UTF-8"?>
<testng-results ignored="0" total="1" passed="1" failed="0" skipped="0">
  <reporter-output>
  </reporter-output>
  <suite started-at="2020-12-15T10:53:36Z" name="Default suite" finished-at="2020-12-15T10:53:43Z" duration-ms="6864">
    <groups>
    </groups>
    <test started-at="2020-12-15T10:53:36Z" name="Default test" finished-at="2020-12-15T10:53:43Z" duration-ms="6864">
      <class name="seleniumTest.ArrayList">
        <test-method is-config="true" signature="openBrowser()[pri:0, instance:seleniumTest.ArrayList@1ff4931d]" started-at="2020-12-15T10:53:36Z" name="openBrowser" finished-at="2020-12-15T10:53:43Z" duration-ms="6258" status="PASS">
          <reporter-output>
          </reporter-output>
        </test-method> <!-- openBrowser -->
        <test-method signature="AddToCart()[pri:0, instance:seleniumTest.ArrayList@1ff4931d]" started-at="2020-12-15T10:53:43Z" name="AddToCart" finished-at="2020-12-15T10:53:43Z" duration-ms="593" status="PASS">
          <reporter-output>
          </reporter-output>
        </test-method> <!-- AddToCart -->
      </class> <!-- seleniumTest.ArrayList -->
    </test> <!-- Default test -->
  </suite> <!-- Default suite -->
</testng-results>
