<?xml version="1.0" encoding="UTF-8"?>
<testng-results ignored="0" total="1" passed="1" failed="0" skipped="0">
  <reporter-output>
  </reporter-output>
  <suite started-at="2019-08-24T13:28:20Z" name="Default suite" finished-at="2019-08-24T13:28:30Z" duration-ms="9698">
    <groups>
    </groups>
    <test started-at="2019-08-24T13:28:20Z" name="Default test" finished-at="2019-08-24T13:28:30Z" duration-ms="9698">
      <class name="seleniumTest.BankXYZ">
        <test-method is-config="true" signature="openBrowser()[pri:0, instance:seleniumTest.BankXYZ@71e9ddb4]" started-at="2019-08-24T13:28:20Z" name="openBrowser" finished-at="2019-08-24T13:28:28Z" duration-ms="8124" status="PASS">
          <reporter-output>
          </reporter-output>
        </test-method> <!-- openBrowser -->
        <test-method signature="customerLogin()[pri:0, instance:seleniumTest.BankXYZ@71e9ddb4]" started-at="2019-08-24T13:28:28Z" name="customerLogin" finished-at="2019-08-24T13:28:30Z" duration-ms="1535" status="PASS">
          <reporter-output>
          </reporter-output>
        </test-method> <!-- customerLogin -->
        <test-method is-config="true" signature="closeBrowser()[pri:0, instance:seleniumTest.BankXYZ@71e9ddb4]" started-at="2019-08-24T13:28:30Z" name="closeBrowser" finished-at="2019-08-24T13:28:30Z" duration-ms="0" status="PASS">
          <reporter-output>
          </reporter-output>
        </test-method> <!-- closeBrowser -->
      </class> <!-- seleniumTest.BankXYZ -->
    </test> <!-- Default test -->
  </suite> <!-- Default suite -->
</testng-results>
