<?xml version="1.0" encoding="UTF-8"?>
<testng-results ignored="0" total="1" passed="1" failed="0" skipped="0">
  <reporter-output>
  </reporter-output>
  <suite started-at="2021-09-20T12:06:57Z" name="Default suite" finished-at="2021-09-20T12:07:06Z" duration-ms="9445">
    <groups>
    </groups>
    <test started-at="2021-09-20T12:06:57Z" name="Default test" finished-at="2021-09-20T12:07:06Z" duration-ms="9445">
      <class name="qaclick.MavenTestProject.TestM">
        <test-method signature="addProduct()[pri:0, instance:qaclick.MavenTestProject.TestM@6bf0219d]" started-at="2021-09-20T12:06:57Z" name="addProduct" finished-at="2021-09-20T12:07:06Z" duration-ms="9426" status="PASS">
          <reporter-output>
          </reporter-output>
        </test-method> <!-- addProduct -->
      </class> <!-- qaclick.MavenTestProject.TestM -->
    </test> <!-- Default test -->
  </suite> <!-- Default suite -->
</testng-results>
