<?xml version="1.0" encoding="UTF-8"?>
<!-- Generated by org.testng.reporters.JUnitXMLReporter -->
<testsuite ignored="2" hostname="DESKTOP-KDQEA51" failures="0" tests="1" name="SeleniumTests" time="0.077" errors="0" timestamp="13 Jan 2022 06:30:42 GMT">
  <testcase classname="Automation.SeleniumFramework.demoTests" name="testMethod" time="0.023"/>
  <testcase classname="Automation.SeleniumFramework.demoTests" name="reverseString" time="0.0">
    <ignored/>
  </testcase> <!-- reverseString -->
  <testcase classname="Automation.SeleniumFramework.excelData" name="getExcelData" time="0.0">
    <ignored/>
  </testcase> <!-- getExcelData -->
</testsuite> <!-- SeleniumTests -->
