<?xml version="1.0" encoding="UTF-8"?>
<testng-results ignored="0" total="1" passed="1" failed="0" skipped="0">
  <reporter-output>
  </reporter-output>
  <suite started-at="2019-06-16T12:37:29Z" name="Default suite" finished-at="2019-06-16T12:37:39Z" duration-ms="9762">
    <groups>
    </groups>
    <test started-at="2019-06-16T12:37:29Z" name="Default test" finished-at="2019-06-16T12:37:39Z" duration-ms="9762">
      <class name="seleniumTest.BankXYZ">
        <test-method is-config="true" signature="openBrowser()[pri:0, instance:seleniumTest.BankXYZ@4e50c791]" started-at="2019-06-16T12:37:29Z" name="openBrowser" finished-at="2019-06-16T12:37:38Z" duration-ms="8589" status="PASS">
          <reporter-output>
          </reporter-output>
        </test-method> <!-- openBrowser -->
        <test-method signature="customerLogin()[pri:0, instance:seleniumTest.BankXYZ@4e50c791]" started-at="2019-06-16T12:37:38Z" name="customerLogin" finished-at="2019-06-16T12:37:39Z" duration-ms="1131" status="PASS">
          <reporter-output>
          </reporter-output>
        </test-method> <!-- customerLogin -->
        <test-method is-config="true" signature="closeBrowser()[pri:0, instance:seleniumTest.BankXYZ@4e50c791]" started-at="2019-06-16T12:37:39Z" name="closeBrowser" finished-at="2019-06-16T12:37:39Z" duration-ms="0" status="PASS">
          <reporter-output>
          </reporter-output>
        </test-method> <!-- closeBrowser -->
      </class> <!-- seleniumTest.BankXYZ -->
    </test> <!-- Default test -->
  </suite> <!-- Default suite -->
</testng-results>
