<?xml version="1.0" encoding="UTF-8"?>
<!-- Generated by org.testng.reporters.JUnitXMLReporter -->
<testsuite hostname="NT-PC-116" ignored="1" name="RegressionTest" tests="2" failures="0" timestamp="19 Nov 2021 11:19:53 GMT" time="12.268" errors="0">
  <testcase name="demoTest" time="0.0" classname="Automation.SeleniumFramework.tests"/>
  <testcase name="windowOperations" time="12.248" classname="Automation.SeleniumFramework.tests"/>
  <testcase name="selectBtn" time="0.0" classname="Automation.SeleniumFramework.tests">
    <ignored/>
  </testcase> <!-- selectBtn -->
</testsuite> <!-- RegressionTest -->
